core/build/outputs/mapping/debug/seeds.txt
com.dimas.made1.core.R$interpolator
com.dimas.made1.core.R$drawable
com.dimas.made1.core.R$style
com.dimas.made1.core.R$color
com.dimas.made1.core.R$plurals
com.dimas.made1.core.data.source.local.room.AppDatabase_Impl
com.dimas.made1.core.R$bool
com.dimas.made1.core.R$animator
com.dimas.made1.core.R$integer
com.dimas.made1.core.R$id
com.dimas.made1.core.R$styleable
com.dimas.made1.core.R$anim
com.dimas.made1.core.R$attr
com.dimas.made1.core.R$layout
com.dimas.made1.core.R$xml
com.dimas.made1.core.R$string
com.dimas.made1.core.data.source.local.room.AppDatabase
com.dimas.made1.core.R$dimen
com.dimas.made1.core.R
com.dimas.made1.core.R$color: int design_default_color_secondary
com.dimas.made1.core.R$styleable: int State_constraints
com.dimas.made1.core.R$styleable: int Transition_pathMotionArc
com.dimas.made1.core.R$id: int mtrl_picker_title_text
com.dimas.made1.core.R$styleable: int MaterialTextAppearance_android_lineHeight
com.dimas.made1.core.R$style: int ThemeOverlay_MaterialComponents_MaterialAlertDialog_Picker_Date_Header_Text
com.dimas.made1.core.R$integer: int app_bar_elevation_anim_duration
com.dimas.made1.core.R$styleable: int RecyclerView_fastScrollVerticalThumbDrawable
com.dimas.made1.core.R$integer: int hide_password_duration
com.dimas.made1.core.R$styleable: int[] RangeSlider
com.dimas.made1.core.R$styleable: int NavArgument_android_name
com.dimas.made1.core.R$id: int chip
com.dimas.made1.core.R$id: int month_navigation_next
com.dimas.made1.core.R$styleable: int Constraint_android_layout_height
com.dimas.made1.core.R$dimen: int subtitle_shadow_offset
com.dimas.made1.core.R$attr: int actionModeTheme
com.dimas.made1.core.R$styleable: int Layout_layout_constraintLeft_toRightOf
com.dimas.made1.core.R$id: int text_input_end_icon
com.dimas.made1.core.R$styleable: int Layout_layout_constraintVertical_weight
com.dimas.made1.core.R$style: int Theme_AppCompat_Light_DialogWhenLarge
com.dimas.made1.core.R$color: int mtrl_bottom_nav_colored_item_tint
com.dimas.made1.core.R$styleable: int FloatingActionButton_hideMotionSpec
com.dimas.made1.core.R$styleable: int ConstraintLayout_Layout_barrierAllowsGoneWidgets
com.dimas.made1.core.R$layout: int mtrl_picker_fullscreen
com.dimas.made1.core.R$attr: int deriveConstraintsFrom
com.dimas.made1.core.R$styleable: int Constraint_android_maxHeight
com.dimas.made1.core.R$id: int action_bar
com.dimas.made1.core.R$attr: int animationMode
com.dimas.made1.core.R$dimen: int mtrl_btn_icon_btn_padding_left
com.dimas.made1.core.R$attr: int thickness
com.dimas.made1.core.R$attr: int triggerSlack
com.dimas.made1.core.R$styleable: int[] ViewBackgroundHelper
com.dimas.made1.core.R$styleable: int CollapsingToolbarLayout_expandedTitleMargin
com.dimas.made1.core.R$style: int Widget_MaterialComponents_Chip_Filter
com.dimas.made1.core.R$dimen: int mtrl_toolbar_default_height
com.dimas.made1.core.R$color: int design_default_color_on_background
com.dimas.made1.core.R$attr: int windowActionBar
com.dimas.made1.core.R$style: int Theme_AppCompat_Light
com.dimas.made1.core.R$attr: int behavior_overlapTop
com.dimas.made1.core.R$color: int abc_hint_foreground_material_light
com.dimas.made1.core.R$attr: int layout_editor_absoluteY
com.dimas.made1.core.R$style: int MaterialAlertDialog_MaterialComponents_Title_Text
com.dimas.made1.core.R$styleable: int ConstraintSet_flow_lastHorizontalBias
com.dimas.made1.core.R$dimen: int mtrl_btn_dialog_btn_min_width
com.dimas.made1.core.R$attr: int errorTextColor
com.dimas.made1.core.R$styleable: int ConstraintLayout_Layout_constraintSet
com.dimas.made1.core.R$styleable: int ConstraintSet_constraint_referenced_tags
com.dimas.made1.core.R$styleable: int ShimmerFrameLayout_shimmer_highlight_color
com.dimas.made1.core.R$attr: int panelMenuListWidth