core/build/outputs/mapping/debug/usage.txt
com.dimas.made1.core.BuildConfig
com.dimas.made1.core.adapter.ContentMovieAdapter$ContentMovieViewHolder
com.dimas.made1.core.adapter.ContentMovieAdapter$OnItemClickCallback
com.dimas.made1.core.adapter.ContentMovieAdapter
com.dimas.made1.core.adapter.ContentTvAdapter$ContentTvViewHolder
com.dimas.made1.core.adapter.ContentTvAdapter$OnItemClickCallback
com.dimas.made1.core.adapter.ContentTvAdapter
com.dimas.made1.core.adapter.MovieAdapter$MovieViewHolder
com.dimas.made1.core.adapter.MovieAdapter$OnItemClickCallback
com.dimas.made1.core.adapter.MovieAdapter
com.dimas.made1.core.adapter.TvAdapter$OnItemClickCallback
com.dimas.made1.core.adapter.TvAdapter$TvViewHolder
com.dimas.made1.core.adapter.TvAdapter
com.dimas.made1.core.data.repository.DataRepository$getAllMovies$1$loadFromDB$$inlined$map$1$2$1
com.dimas.made1.core.data.repository.DataRepository$getAllMovies$1$loadFromDB$$inlined$map$1$2
com.dimas.made1.core.data.repository.DataRepository$getAllMovies$1$loadFromDB$$inlined$map$1
com.dimas.made1.core.data.repository.DataRepository$getAllMovies$1
com.dimas.made1.core.data.repository.DataRepository$getAllTv$1$loadFromDB$$inlined$map$1$2$1
com.dimas.made1.core.data.repository.DataRepository$getAllTv$1$loadFromDB$$inlined$map$1$2
com.dimas.made1.core.data.repository.DataRepository$getAllTv$1$loadFromDB$$inlined$map$1
com.dimas.made1.core.data.repository.DataRepository$getAllTv$1
com.dimas.made1.core.data.repository.DataRepository$getFavoriteMovies$$inlined$map$1$2$1
com.dimas.made1.core.data.repository.DataRepository$getFavoriteMovies$$inlined$map$1$2
com.dimas.made1.core.data.repository.DataRepository$getFavoriteMovies$$inlined$map$1
com.dimas.made1.core.data.repository.DataRepository$getFavoriteTv$$inlined$map$1$2$1
com.dimas.made1.core.data.repository.DataRepository$getFavoriteTv$$inlined$map$1$2
com.dimas.made1.core.data.repository.DataRepository$getFavoriteTv$$inlined$map$1
com.dimas.made1.core.data.repository.DataRepository$getSearchMovies$$inlined$map$1$2$1
com.dimas.made1.core.data.repository.DataRepository$getSearchMovies$$inlined$map$1$2
com.dimas.made1.core.data.repository.DataRepository$getSearchMovies$$inlined$map$1
com.dimas.made1.core.data.repository.DataRepository$getSearchTv$$inlined$map$1$2$1
com.dimas.made1.core.data.repository.DataRepository$getSearchTv$$inlined$map$1$2
com.dimas.made1.core.data.repository.DataRepository$getSearchTv$$inlined$map$1
com.dimas.made1.core.data.repository.DataRepository
com.dimas.made1.core.data.repository.NetworkBoundResource$result$1$invokeSuspend$$inlined$map$1$2$1
com.dimas.made1.core.data.repository.NetworkBoundResource$result$1$invokeSuspend$$inlined$map$1$2
com.dimas.made1.core.data.repository.NetworkBoundResource$result$1$invokeSuspend$$inlined$map$1
com.dimas.made1.core.data.repository.NetworkBoundResource$result$1$invokeSuspend$$inlined$map$2$2$1
com.dimas.made1.core.data.repository.NetworkBoundResource$result$1$invokeSuspend$$inlined$map$2$2
com.dimas.made1.core.data.repository.NetworkBoundResource$result$1$invokeSuspend$$inlined$map$2
com.dimas.made1.core.data.repository.NetworkBoundResource$result$1$invokeSuspend$$inlined$map$3$2$1
com.dimas.made1.core.data.repository.NetworkBoundResource$result$1$invokeSuspend$$inlined$map$3$2
com.dimas.made1.core.data.repository.NetworkBoundResource$result$1$invokeSuspend$$inlined$map$3
com.dimas.made1.core.data.repository.NetworkBoundResource$result$1
com.dimas.made1.core.data.repository.NetworkBoundResource
com.dimas.made1.core.data.repository.Resource$Error
com.dimas.made1.core.data.repository.Resource$Loading
com.dimas.made1.core.data.repository.Resource$Success
com.dimas.made1.core.data.repository.Resource
com.dimas.made1.core.data.source.local.LocalDataSource